Build started 10/10/2014 2:51:06 PM.
     1>Project "C:\Users\fabia_000\SkyDrive\Documentos\of_v0.8.1_vs_release\apps\myApps\StackyProject2\StackyProject.vcxproj" on node 2 (Build target(s)).
     1>ClCompile:
         C:\Program Files\Microsoft Visual Studio 11.0\VC\bin\CL.exe /c /I..\..\..\libs\openFrameworks /I..\..\..\libs\openFrameworks\graphics /I..\..\..\libs\openFrameworks\app /I..\..\..\libs\openFrameworks\sound /I..\..\..\libs\openFrameworks\utils /I..\..\..\libs\openFrameworks\communication /I..\..\..\libs\openFrameworks\video /I..\..\..\libs\openFrameworks\types /I..\..\..\libs\openFrameworks\math /I..\..\..\libs\openFrameworks\3d /I..\..\..\libs\openFrameworks\gl /I..\..\..\libs\openFrameworks\events /I..\..\..\libs\glut\include /I..\..\..\libs\rtAudio\include /I..\..\..\libs\quicktime\include /I..\..\..\libs\freetype\include /I..\..\..\libs\freetype\include\freetype2 /I..\..\..\libs\freeImage\include /I..\..\..\libs\fmodex\include /I..\..\..\libs\videoInput\include /I..\..\..\libs\glew\include\ /I..\..\..\libs\glu\include /I..\..\..\libs\tess2\include /I..\..\..\libs\cairo\include\cairo /I..\..\..\libs\poco\include /I..\..\..\libs\glfw\include /I..\..\..\libs\openssl\include /I..\..\..\addons /I..\..\..\addons\ofxOpenCv\libs /I..\..\..\addons\ofxOpenCv\src /I..\..\..\addons\ofxOpenCv\libs\opencv /I..\..\..\addons\ofxOpenCv\libs\opencv\include /I..\..\..\addons\ofxOpenCv\libs\opencv\include\opencv /I..\..\..\addons\ofxOpenCv\libs\opencv\include\opencv2 /I..\..\..\addons\ofxOpenCv\libs\opencv\include\opencv2\calib3d /I..\..\..\addons\ofxOpenCv\libs\opencv\include\opencv2\contrib /I..\..\..\addons\ofxOpenCv\libs\opencv\include\opencv2\core /I..\..\..\addons\ofxOpenCv\libs\opencv\include\opencv2\features2d /I..\..\..\addons\ofxOpenCv\libs\opencv\include\opencv2\flann /I..\..\..\addons\ofxOpenCv\libs\opencv\include\opencv2\gpu /I..\..\..\addons\ofxOpenCv\libs\opencv\include\opencv2\highgui /I..\..\..\addons\ofxOpenCv\libs\opencv\include\opencv2\imgproc /I..\..\..\addons\ofxOpenCv\libs\opencv\include\opencv2\legacy /I..\..\..\addons\ofxOpenCv\libs\opencv\include\opencv2\ml /I..\..\..\addons\ofxOpenCv\libs\opencv\include\opencv2\objdetect /I..\..\..\addons\ofxOpenCv\libs\opencv\include\opencv2\ts /I..\..\..\addons\ofxOpenCv\libs\opencv\include\opencv2\video /I..\..\..\addons\ofxOpenCv\libs\opencv\lib /I..\..\..\addons\ofxOpenCv\libs\opencv\lib\vs /I..\..\..\addons\ofxBox2d\libs /I..\..\..\addons\ofxBox2d\src /I..\..\..\addons\ofxBox2d\libs\Box2D /I..\..\..\addons\ofxBox2d\libs\Box2D\Collision /I..\..\..\addons\ofxBox2d\libs\Box2D\Collision\Shapes /I..\..\..\addons\ofxBox2d\libs\Box2D\Common /I..\..\..\addons\ofxBox2d\libs\Box2D\Dynamics /I..\..\..\addons\ofxBox2d\libs\Box2D\Dynamics\Contacts /I..\..\..\addons\ofxBox2d\libs\Box2D\Dynamics\Joints /I..\..\..\addons\ofxBox2d\libs\Box2D\Rope /I..\..\..\addons\ofxBox2d\libs\triangle /I..\..\..\addons\ofxKinectCommonBridge\src /I..\..\..\addons\ofxKinectCommonBridge\libs\KinectCommonBridge\include /Zi /nologo /W3 /WX- /O2 /Oy- /D WIN32 /D NDEBUG /D _CONSOLE /D POCO_STATIC /D CAIRO_WIN32_STATIC_BUILD /D DISABLE_SOME_FLOATING_POINT /D _UNICODE /D UNICODE /Gm- /EHsc /MD /GS /fp:precise /Zc:wchar_t /Zc:forScope /Fo"obj\Release\\" /Fd"obj\Release\vc110.pdb" /Gd /TP /analyze- /errorReport:prompt src\testApp.cpp
         testApp.cpp
     1>C:\Users\fabia_000\SkyDrive\Documentos\of_v0.8.1_vs_release\libs\poco\include\Poco/StreamConverter.h(126): warning C4250: 'Poco::InputStreamConverter' : hereda 'std::basic_istream<_Elem,_Traits>::std::basic_istream<_Elem,_Traits>::_Add_vtordisp1' mediante dominación
                 with
                 [
                     _Elem=char,
                     _Traits=std::char_traits<char>
                 ]
                 C:\Program Files\Microsoft Visual Studio 11.0\VC\include\istream(74) : vea la declaración de 'std::basic_istream<_Elem,_Traits>::_Add_vtordisp1'
                 with
                 [
                     _Elem=char,
                     _Traits=std::char_traits<char>
                 ]
     1>C:\Users\fabia_000\SkyDrive\Documentos\of_v0.8.1_vs_release\libs\poco\include\Poco/StreamConverter.h(144): warning C4250: 'Poco::OutputStreamConverter' : hereda 'std::basic_ostream<_Elem,_Traits>::std::basic_ostream<_Elem,_Traits>::_Add_vtordisp2' mediante dominación
                 with
                 [
                     _Elem=char,
                     _Traits=std::char_traits<char>
                 ]
                 C:\Program Files\Microsoft Visual Studio 11.0\VC\include\ostream(90) : vea la declaración de 'std::basic_ostream<_Elem,_Traits>::_Add_vtordisp2'
                 with
                 [
                     _Elem=char,
                     _Traits=std::char_traits<char>
                 ]
       Link:
         C:\Program Files\Microsoft Visual Studio 11.0\VC\bin\link.exe /ERRORREPORT:PROMPT /OUT:"bin\StackyProject.exe" /INCREMENTAL:NO /NOLOGO /LIBPATH:..\..\..\libs\glut\lib\vs /LIBPATH:..\..\..\libs\glfw\lib\vs /LIBPATH:..\..\..\libs\rtAudio\lib\vs /LIBPATH:..\..\..\libs\FreeImage\lib\vs /LIBPATH:..\..\..\libs\freetype\lib\vs /LIBPATH:..\..\..\libs\quicktime\lib\vs /LIBPATH:..\..\..\libs\fmodex\lib\vs /LIBPATH:..\..\..\libs\videoInput\lib\vs /LIBPATH:..\..\..\libs\cairo\lib\vs /LIBPATH:..\..\..\libs\glew\lib\vs /LIBPATH:..\..\..\libs\glu\lib\vs /LIBPATH:..\..\..\libs\openssl\lib\vs /LIBPATH:..\..\..\libs\Poco\lib\vs /LIBPATH:..\..\..\libs\tess2\lib\vs /LIBPATH:..\..\..\addons\ofxOpenCv\libs\opencv\lib\vs /LIBPATH:..\..\..\addons\ofxKinectCommonBridge\libs\KinectCommonBridge\lib\windows "cairo-static.lib" "pixman-1.lib" msimg32.lib OpenGL32.lib GLu32.lib kernel32.lib setupapi.lib Vfw32.lib comctl32.lib glut32.lib rtAudio.lib videoInput.lib libfreetype.lib FreeImage.lib qtmlClient.lib dsound.lib user32.lib gdi32.lib winspool.lib comdlg32.lib advapi32.lib shell32.lib ole32.lib oleaut32.lib uuid.lib glew32s.lib fmodex_vc.lib glu32.lib crypt32.lib libeay32MD.lib ssleay32MD.lib PocoFoundationmd.lib PocoNetmd.lib PocoUtilmd.lib PocoXMLmd.lib Ws2_32.lib tess2.lib glfw3.lib kernel32.lib user32.lib gdi32.lib winspool.lib comdlg32.lib advapi32.lib shell32.lib ole32.lib oleaut32.lib uuid.lib odbc32.lib odbccp32.lib opencv_calib3d231.lib opencv_contrib231.lib opencv_core231.lib opencv_features2d231.lib opencv_flann231.lib opencv_gpu231.lib opencv_haartraining_engine.lib opencv_highgui231.lib opencv_imgproc231.lib opencv_legacy231.lib opencv_ml231.lib opencv_objdetect231.lib opencv_video231.lib zlib.lib KinectCommonBridge.lib Kinect10.lib /NODEFAULTLIB:PocoFoundationd.lib /NODEFAULTLIB:atlthunk.lib /NODEFAULTLIB:LIBC.lib /NODEFAULTLIB:LIBCMT /MANIFEST /MANIFESTUAC:"level='asInvoker' uiAccess='false'" /manifest:embed /PDB:"bin\StackyProject.pdb" /SUBSYSTEM:CONSOLE /OPT:REF /OPT:ICF /LTCG /TLBID:1 /DYNAMICBASE:NO /NXCOMPAT /IMPLIB:"bin\StackyProject.lib" /MACHINE:X86 /SAFESEH obj\Release\icon.res
         obj\Release\ofxKinectCommonBridge.obj
         obj\Release\main.obj
         obj\Release\ofxCvColorImage.obj
         obj\Release\ofxCvContourFinder.obj
         obj\Release\ofxCvFloatImage.obj
         obj\Release\ofxCvGrayscaleImage.obj
         obj\Release\ofxCvHaarFinder.obj
         obj\Release\ofxCvImage.obj
         obj\Release\ofxCvShortImage.obj
         obj\Release\ofxBox2d.obj
         obj\Release\ofxBox2dBaseShape.obj
         obj\Release\ofxBox2dCircle.obj
         obj\Release\ofxBox2dEdge.obj
         obj\Release\ofxBox2dJoint.obj
         obj\Release\ofxBox2dPolygon.obj
         obj\Release\ofxBox2dRect.obj
         obj\Release\b2BroadPhase.obj
         obj\Release\b2CollideCircle.obj
         obj\Release\b2CollideEdge.obj
         obj\Release\b2CollidePolygon.obj
         obj\Release\b2Collision.obj
         obj\Release\b2Distance.obj
         obj\Release\b2DynamicTree.obj
         obj\Release\b2TimeOfImpact.obj
         obj\Release\b2ChainShape.obj
         obj\Release\b2CircleShape.obj
         obj\Release\b2EdgeShape.obj
         obj\Release\b2PolygonShape.obj
         obj\Release\b2BlockAllocator.obj
         obj\Release\b2Draw.obj
         obj\Release\b2Math.obj
         obj\Release\b2Settings.obj
         obj\Release\b2StackAllocator.obj
         obj\Release\b2Timer.obj
         obj\Release\b2Body.obj
         obj\Release\b2ContactManager.obj
         obj\Release\b2Fixture.obj
         obj\Release\b2Island.obj
         obj\Release\b2World.obj
         obj\Release\b2WorldCallbacks.obj
         obj\Release\b2ChainAndCircleContact.obj
         obj\Release\b2ChainAndPolygonContact.obj
         obj\Release\b2CircleContact.obj
         obj\Release\b2Contact.obj
         obj\Release\b2ContactSolver.obj
         obj\Release\b2EdgeAndCircleContact.obj
         obj\Release\b2EdgeAndPolygonContact.obj
         obj\Release\b2PolygonAndCircleContact.obj
         obj\Release\b2PolygonContact.obj
         obj\Release\b2DistanceJoint.obj
         obj\Release\b2FrictionJoint.obj
         obj\Release\b2GearJoint.obj
         obj\Release\b2Joint.obj
         obj\Release\b2MotorJoint.obj
         obj\Release\b2MouseJoint.obj
         obj\Release\b2PrismaticJoint.obj
         obj\Release\b2PulleyJoint.obj
         obj\Release\b2RevoluteJoint.obj
         obj\Release\b2RopeJoint.obj
         obj\Release\b2WeldJoint.obj
         obj\Release\b2WheelJoint.obj
         obj\Release\b2Rope.obj
         obj\Release\del_impl.obj
         obj\Release\testApp.obj
         ..\..\..\addons\ofxKinectCommonBridge\libs\KinectCommonBridge\lib\windows\KinectCommonBridge.lib
         C:\Users\fabia_000\SkyDrive\Documentos\of_v0.8.1_vs_release\libs\openFrameworksCompiled\lib\vs\openframeworksLib.lib
            Creando biblioteca bin\StackyProject.lib y objeto bin\StackyProject.exp
         LINK : se especificó /LTCG pero no se requiere generación de código; quite /LTCG de la línea de comandos de vínculo para mejorar el rendimiento del vinculador
         StackyProject.vcxproj -> C:\Users\fabia_000\SkyDrive\Documentos\of_v0.8.1_vs_release\apps\myApps\StackyProject2\bin\StackyProject.exe
       PostBuildEvent:
         xcopy /e /i /y "C:\Users\fabia_000\SkyDrive\Documentos\of_v0.8.1_vs_release\apps\myApps\StackyProject2\..\..\..\export\vs\*.dll" "C:\Users\fabia_000\SkyDrive\Documentos\of_v0.8.1_vs_release\apps\myApps\StackyProject2\bin"
         :VCEnd
         C:\Users\fabia_000\SkyDrive\Documentos\of_v0.8.1_vs_release\apps\myApps\StackyProject2\..\..\..\export\vs\Assimp32.dll
         C:\Users\fabia_000\SkyDrive\Documentos\of_v0.8.1_vs_release\apps\myApps\StackyProject2\..\..\..\export\vs\fmodex.dll
         C:\Users\fabia_000\SkyDrive\Documentos\of_v0.8.1_vs_release\apps\myApps\StackyProject2\..\..\..\export\vs\fmodexL.dll
         C:\Users\fabia_000\SkyDrive\Documentos\of_v0.8.1_vs_release\apps\myApps\StackyProject2\..\..\..\export\vs\FreeImage.dll
         C:\Users\fabia_000\SkyDrive\Documentos\of_v0.8.1_vs_release\apps\myApps\StackyProject2\..\..\..\export\vs\FreeType-6.dll
         C:\Users\fabia_000\SkyDrive\Documentos\of_v0.8.1_vs_release\apps\myApps\StackyProject2\..\..\..\export\vs\glut32.dll
         C:\Users\fabia_000\SkyDrive\Documentos\of_v0.8.1_vs_release\apps\myApps\StackyProject2\..\..\..\export\vs\libeay32.dll
         C:\Users\fabia_000\SkyDrive\Documentos\of_v0.8.1_vs_release\apps\myApps\StackyProject2\..\..\..\export\vs\ssleay32.dll
         C:\Users\fabia_000\SkyDrive\Documentos\of_v0.8.1_vs_release\apps\myApps\StackyProject2\..\..\..\export\vs\Zlib.dll
         9 File(s) copied
     1>Done Building Project "C:\Users\fabia_000\SkyDrive\Documentos\of_v0.8.1_vs_release\apps\myApps\StackyProject2\StackyProject.vcxproj" (Build target(s)).

Build succeeded.

Time Elapsed 00:00:15.24
